<?xml version="1.0" encoding="UTF-8"?>
<testng-results ignored="0" total="1" passed="1" failed="0" skipped="0">
  <reporter-output>
  </reporter-output>
  <suite started-at="2022-12-20T16:42:46 IST" name="Default suite" finished-at="2022-12-20T16:43:13 IST" duration-ms="27351">
    <groups>
      <group name="Auto">
        <method signature="Auto.createPolicy(java.lang.String,java.lang.String,java.lang.String)[pri:0, instance:regressionTests.Auto@5677323c]" name="createPolicy" class="regressionTests.Auto"/>
      </group> <!-- Auto -->
      <group name="Regression">
        <method signature="Auto.createPolicy(java.lang.String,java.lang.String,java.lang.String)[pri:0, instance:regressionTests.Auto@5677323c]" name="createPolicy" class="regressionTests.Auto"/>
      </group> <!-- Regression -->
      <group name="AL">
        <method signature="Auto.createPolicy(java.lang.String,java.lang.String,java.lang.String)[pri:0, instance:regressionTests.Auto@5677323c]" name="createPolicy" class="regressionTests.Auto"/>
      </group> <!-- AL -->
    </groups>
    <test started-at="2022-12-20T16:42:46 IST" name="Default test" finished-at="2022-12-20T16:43:13 IST" duration-ms="27351">
      <class name="regressionTests.Auto">
        <test-method is-config="true" signature="SuiteSetUp()[pri:0, instance:regressionTests.Auto@5677323c]" started-at="2022-12-20T16:42:44 IST" name="SuiteSetUp" finished-at="2022-12-20T16:42:46 IST" duration-ms="2370" status="PASS">
          <reporter-output>
          </reporter-output>
        </test-method> <!-- SuiteSetUp -->
        <test-method is-config="true" signature="rowNum()[pri:0, instance:regressionTests.Auto@5677323c]" started-at="2022-12-20T16:42:46 IST" name="rowNum" finished-at="2022-12-20T16:42:46 IST" duration-ms="1" status="PASS">
          <reporter-output>
          </reporter-output>
        </test-method> <!-- rowNum -->
        <test-method signature="createPolicy(java.lang.String,java.lang.String,java.lang.String)[pri:0, instance:regressionTests.Auto@5677323c]" started-at="2022-12-20T16:42:46 IST" name="createPolicy" finished-at="2022-12-20T16:43:13 IST" duration-ms="27287" status="PASS">
          <params>
            <param index="0">
              <value>
                <![CDATA[local]]>
              </value>
            </param>
            <param index="1">
              <value>
                <![CDATA[]]>
              </value>
            </param>
            <param index="2">
              <value>
                <![CDATA[QA]]>
              </value>
            </param>
          </params>
          <reporter-output>
          </reporter-output>
        </test-method> <!-- createPolicy -->
        <test-method is-config="true" signature="details()[pri:0, instance:regressionTests.Auto@5677323c]" started-at="2022-12-20T16:43:13 IST" name="details" finished-at="2022-12-20T16:43:13 IST" duration-ms="0" status="PASS">
          <reporter-output>
          </reporter-output>
        </test-method> <!-- details -->
        <test-method is-config="true" signature="updateRowCount()[pri:0, instance:regressionTests.Auto@5677323c]" started-at="2022-12-20T16:43:13 IST" name="updateRowCount" finished-at="2022-12-20T16:43:13 IST" duration-ms="0" status="PASS">
          <reporter-output>
          </reporter-output>
        </test-method> <!-- updateRowCount -->
        <test-method is-config="true" signature="testrun()[pri:0, instance:regressionTests.Auto@5677323c]" started-at="2022-12-20T16:43:13 IST" name="testrun" finished-at="2022-12-20T16:43:27 IST" duration-ms="13632" status="FAIL">
          <exception class="javax.mail.AuthenticationFailedException">
            <message>
              <![CDATA[535 5.7.139 Authentication unsuccessful, the user credentials were incorrect. [PN3PR01CA0178.INDPRD01.PROD.OUTLOOK.COM]
]]>
            </message>
            <full-stacktrace>
              <![CDATA[javax.mail.AuthenticationFailedException: 535 5.7.139 Authentication unsuccessful, the user credentials were incorrect. [PN3PR01CA0178.INDPRD01.PROD.OUTLOOK.COM]

at com.sun.mail.smtp.SMTPTransport$Authenticator.authenticate(SMTPTransport.java:826)
at com.sun.mail.smtp.SMTPTransport.authenticate(SMTPTransport.java:761)
at com.sun.mail.smtp.SMTPTransport.protocolConnect(SMTPTransport.java:685)
at javax.mail.Service.connect(Service.java:295)
at regressionTests.BaseTest.testrun(BaseTest.java:189)
at java.base/jdk.internal.reflect.NativeMethodAccessorImpl.invoke0(Native Method)
at java.base/jdk.internal.reflect.NativeMethodAccessorImpl.invoke(NativeMethodAccessorImpl.java:62)
at java.base/jdk.internal.reflect.DelegatingMethodAccessorImpl.invoke(DelegatingMethodAccessorImpl.java:43)
at java.base/java.lang.reflect.Method.invoke(Method.java:566)
at org.testng.internal.MethodInvocationHelper.invokeMethod(MethodInvocationHelper.java:133)
at org.testng.internal.MethodInvocationHelper.invokeMethodConsideringTimeout(MethodInvocationHelper.java:62)
at org.testng.internal.ConfigInvoker.invokeConfigurationMethod(ConfigInvoker.java:385)
at org.testng.internal.ConfigInvoker.invokeConfigurations(ConfigInvoker.java:321)
at org.testng.SuiteRunner.privateRun(SuiteRunner.java:344)
at org.testng.SuiteRunner.run(SuiteRunner.java:276)
at org.testng.SuiteRunnerWorker.runSuite(SuiteRunnerWorker.java:53)
at org.testng.SuiteRunnerWorker.run(SuiteRunnerWorker.java:96)
at org.testng.TestNG.runSuitesSequentially(TestNG.java:1212)
at org.testng.TestNG.runSuitesLocally(TestNG.java:1134)
at org.testng.TestNG.runSuites(TestNG.java:1063)
at org.testng.TestNG.run(TestNG.java:1031)
at org.testng.remote.AbstractRemoteTestNG.run(AbstractRemoteTestNG.java:115)
at org.testng.remote.RemoteTestNG.initAndRun(RemoteTestNG.java:251)
at org.testng.remote.RemoteTestNG.main(RemoteTestNG.java:77)
]]>
            </full-stacktrace>
          </exception> <!-- javax.mail.AuthenticationFailedException -->
          <reporter-output>
          </reporter-output>
        </test-method> <!-- testrun -->
      </class> <!-- regressionTests.Auto -->
    </test> <!-- Default test -->
  </suite> <!-- Default suite -->
</testng-results>
