<?xml version="1.0" encoding="UTF-8"?>
<!-- Generated by org.testng.reporters.JUnitXMLReporter -->
<testsuite ignored="9" hostname="5CD1394VYK" failures="0" tests="1" name="T60408_NB_AutoPolicy_QA" time="351.961" errors="0" timestamp="2022-11-15T14:32:17 IST">
  <testcase classname="regressionTests.Auto" name="createPolicy3" time="351.956"/>
  <testcase classname="regressionTests.Auto" name="createPolicy" time="0.0">
    <ignored/>
  </testcase> <!-- createPolicy -->
  <testcase classname="regressionTests.Auto" name="createPolicy4" time="0.0">
    <ignored/>
  </testcase> <!-- createPolicy4 -->
  <testcase classname="regressionTests.Auto" name="createPolicy2" time="0.0">
    <ignored/>
  </testcase> <!-- createPolicy2 -->
  <testcase classname="regressionTests.Auto" name="createPolicy5" time="0.0">
    <ignored/>
  </testcase> <!-- createPolicy5 -->
  <testcase classname="regressionTests.Auto" name="createPolicy8" time="0.0">
    <ignored/>
  </testcase> <!-- createPolicy8 -->
  <testcase classname="regressionTests.Auto" name="createPolicy10" time="0.0">
    <ignored/>
  </testcase> <!-- createPolicy10 -->
  <testcase classname="regressionTests.Auto" name="createPolicy6" time="0.0">
    <ignored/>
  </testcase> <!-- createPolicy6 -->
  <testcase classname="regressionTests.Auto" name="createPolicy9" time="0.0">
    <ignored/>
  </testcase> <!-- createPolicy9 -->
  <testcase classname="regressionTests.Auto" name="createPolicy7" time="0.0">
    <ignored/>
  </testcase> <!-- createPolicy7 -->
</testsuite> <!-- T60408_NB_AutoPolicy_QA -->
