<?xml version="1.0" encoding="UTF-8"?>
<!-- Generated by org.testng.reporters.JUnitXMLReporter -->
<testsuite ignored="1" hostname="5CD1394VYK" failures="0" tests="1" name="T60926_NB_AutoPolicy" time="423.502" errors="0" timestamp="2022-11-14T20:04:04 IST">
  <testcase classname="regressionTests.Auto" name="createPolicy2" time="423.496"/>
  <testcase classname="regressionTests.Auto" name="createPolicy" time="0.0">
    <ignored/>
  </testcase> <!-- createPolicy -->
</testsuite> <!-- T60926_NB_AutoPolicy -->
