<?xml version="1.0" encoding="UTF-8"?>
<!-- Generated by org.testng.reporters.JUnitXMLReporter -->
<testsuite ignored="1" hostname="5CD1394VYK" failures="0" tests="1" name="T62033_NB_AutoPolicy" time="413.14" errors="0" timestamp="2022-11-14T19:57:01 IST">
  <testcase classname="regressionTests.Auto" name="createPolicy" time="413.066"/>
  <testcase classname="regressionTests.Auto" name="createPolicy2" time="0.0">
    <ignored/>
  </testcase> <!-- createPolicy2 -->
</testsuite> <!-- T62033_NB_AutoPolicy -->
