<?xml version="1.0" encoding="UTF-8"?>
<!-- Generated by org.testng.reporters.JUnitXMLReporter -->
<testsuite ignored="9" hostname="5CD1394VYK" failures="0" tests="1" name="T62554_NB_AutoPolicy_QA" time="339.38" errors="0" timestamp="2022-11-15T15:06:04 IST">
  <testcase classname="regressionTests.Auto" name="createPolicy8" time="339.371"/>
  <testcase classname="regressionTests.Auto" name="createPolicy" time="0.0">
    <ignored/>
  </testcase> <!-- createPolicy -->
  <testcase classname="regressionTests.Auto" name="createPolicy4" time="0.0">
    <ignored/>
  </testcase> <!-- createPolicy4 -->
  <testcase classname="regressionTests.Auto" name="createPolicy2" time="0.0">
    <ignored/>
  </testcase> <!-- createPolicy2 -->
  <testcase classname="regressionTests.Auto" name="createPolicy5" time="0.0">
    <ignored/>
  </testcase> <!-- createPolicy5 -->
  <testcase classname="regressionTests.Auto" name="createPolicy3" time="0.0">
    <ignored/>
  </testcase> <!-- createPolicy3 -->
  <testcase classname="regressionTests.Auto" name="createPolicy10" time="0.0">
    <ignored/>
  </testcase> <!-- createPolicy10 -->
  <testcase classname="regressionTests.Auto" name="createPolicy6" time="0.0">
    <ignored/>
  </testcase> <!-- createPolicy6 -->
  <testcase classname="regressionTests.Auto" name="createPolicy9" time="0.0">
    <ignored/>
  </testcase> <!-- createPolicy9 -->
  <testcase classname="regressionTests.Auto" name="createPolicy7" time="0.0">
    <ignored/>
  </testcase> <!-- createPolicy7 -->
</testsuite> <!-- T62554_NB_AutoPolicy_QA -->
